SF:lib/src/util/multiply_animation.dart
DA:6,1
DA:8,1
DA:9,5
LF:3
LH:3
end_of_record
SF:lib/src/flutter_easy_dialogs.dart
DA:11,3
DA:16,9
DA:18,3
DA:19,9
DA:22,3
DA:23,6
DA:26,3
DA:31,6
DA:38,1
DA:39,2
DA:42,1
DA:46,2
DA:51,3
DA:52,6
DA:57,3
DA:59,3
DA:60,3
DA:61,3
DA:62,9
DA:64,3
LF:20
LH:20
end_of_record
SF:lib/src/core/easy_dialog_dismiss.dart
DA:38,43
DA:60,3
DA:70,4
DA:72,8
DA:73,5
DA:74,5
DA:76,1
DA:77,8
DA:78,1
DA:79,4
DA:85,4
DA:86,4
DA:96,20
DA:104,4
DA:106,4
DA:107,4
DA:108,4
DA:109,4
DA:110,2
DA:111,4
DA:121,4
DA:126,4
DA:127,4
DA:133,4
DA:134,4
DA:135,4
DA:136,4
DA:137,8
DA:141,16
DA:154,4
DA:162,4
DA:163,4
DA:169,4
DA:171,4
DA:172,8
DA:173,4
DA:174,8
DA:175,8
DA:176,4
DA:177,4
DA:178,8
DA:180,12
DA:184,4
DA:186,4
DA:187,12
DA:188,4
DA:189,8
DA:205,4
DA:206,12
DA:208,11
DA:210,4
DA:211,24
DA:213,4
DA:220,2
DA:226,2
DA:227,2
DA:228,4
DA:229,2
DA:230,2
LF:59
LH:59
end_of_record
SF:lib/src/core/easy_dialog_decoration.dart
DA:63,67
DA:95,1
DA:96,1
DA:99,1
DA:102,1
DA:104,11
DA:107,22
DA:109,11
DA:110,22
DA:111,22
DA:112,22
DA:113,22
DA:126,58
DA:128,3
DA:130,3
DA:132,6
DA:133,3
DA:137,3
DA:139,3
DA:141,6
DA:142,3
DA:146,3
DA:148,3
DA:150,6
DA:151,3
DA:155,3
DA:157,3
DA:159,6
DA:160,3
DA:164,3
DA:166,3
DA:168,6
DA:169,3
DA:173,3
DA:175,3
DA:177,6
DA:178,3
DA:182,3
DA:183,3
DA:184,3
DA:186,6
DA:188,3
DA:192,39
DA:194,1
DA:195,1
DA:203,21
DA:205,4
DA:207,4
DA:209,8
DA:210,8
DA:213,4
DA:215,4
DA:217,8
DA:218,8
DA:221,4
DA:223,4
DA:225,8
DA:226,8
DA:229,3
DA:231,3
DA:233,6
DA:234,6
DA:237,4
DA:239,4
DA:241,8
DA:242,8
DA:245,4
DA:247,4
DA:249,8
DA:250,8
DA:253,4
DA:255,20
DA:269,1
DA:284,1
DA:286,1
DA:287,2
DA:290,1
DA:292,1
DA:293,2
DA:296,1
DA:298,1
DA:299,2
DA:302,1
DA:304,1
DA:305,2
DA:308,1
DA:310,1
DA:311,2
DA:314,1
DA:316,1
DA:317,2
DA:320,1
DA:322,1
DA:323,3
DA:334,2
DA:335,2
DA:338,1
DA:341,3
LF:98
LH:98
end_of_record
SF:lib/src/core/easy_dialog_animation.dart
DA:24,44
DA:34,21
DA:36,4
DA:38,4
DA:40,4
DA:41,12
DA:42,4
DA:43,8
DA:46,4
DA:54,4
DA:57,4
DA:59,4
DA:61,4
DA:63,4
DA:65,4
DA:73,1
DA:75,1
DA:77,1
DA:82,3
DA:83,1
DA:84,2
DA:88,1
DA:90,1
DA:98,1
DA:101,1
DA:103,1
DA:105,1
DA:107,1
DA:109,1
DA:117,1
DA:120,1
DA:122,1
DA:124,1
DA:126,1
DA:127,1
DA:128,1
DA:129,1
LF:37
LH:37
end_of_record
SF:lib/src/core/easy_dialogs_controller.dart
DA:30,14
DA:40,11
DA:41,22
DA:43,33
DA:45,4
DA:47,11
DA:49,33
DA:51,11
DA:52,11
DA:56,22
DA:58,33
DA:72,8
DA:77,8
DA:86,2
DA:87,2
DA:88,14
DA:89,4
DA:90,2
DA:99,2
DA:103,2
DA:104,6
DA:105,2
DA:106,2
DA:108,4
DA:112,2
DA:113,4
DA:114,2
DA:121,14
DA:122,50
DA:123,28
DA:126,8
DA:129,24
DA:133,32
DA:136,11
DA:137,11
DA:138,22
DA:139,11
DA:140,11
DA:141,33
DA:144,44
DA:146,33
DA:147,22
DA:152,11
DA:154,22
DA:155,11
DA:161,11
DA:167,33
DA:171,33
DA:172,22
DA:174,22
DA:175,11
DA:181,4
DA:182,20
DA:185,27
DA:188,11
DA:190,11
DA:191,55
DA:192,11
DA:195,44
DA:197,44
DA:198,44
DA:199,11
DA:207,11
DA:212,11
DA:213,22
DA:216,11
DA:217,11
DA:218,11
DA:219,11
DA:221,11
DA:222,11
DA:226,11
DA:228,8
DA:230,12
DA:231,8
DA:233,12
DA:234,11
DA:235,10
DA:236,11
DA:238,11
DA:239,55
DA:240,22
DA:244,11
DA:245,11
DA:246,44
DA:247,33
DA:255,11
DA:259,11
DA:263,11
DA:267,10
DA:271,11
DA:275,11
DA:282,23
DA:309,2
DA:310,22
DA:311,22
DA:322,11
DA:357,11
DA:361,22
DA:362,22
DA:363,11
DA:366,11
DA:370,22
DA:371,11
DA:374,11
DA:378,22
DA:379,11
DA:382,10
DA:386,20
DA:387,10
DA:390,11
DA:394,22
DA:395,11
DA:398,11
DA:402,11
DA:403,22
DA:404,11
DA:407,22
DA:408,11
DA:409,33
DA:413,44
DA:450,11
DA:457,3
DA:460,8
DA:461,24
DA:464,4
DA:468,8
DA:469,4
DA:478,1
DA:479,4
DA:481,4
DA:484,8
DA:486,12
DA:488,9
DA:489,2
DA:491,1
DA:498,33
DA:500,11
DA:501,22
DA:511,11
DA:518,11
DA:519,33
DA:520,22
DA:522,22
DA:523,11
DA:527,22
DA:534,2
DA:537,1
DA:541,1
LF:149
LH:149
end_of_record
SF:lib/src/core/easy_dialog_animation_configuration.dart
DA:17,58
DA:60,1
DA:70,58
DA:83,58
DA:90,2
DA:92,12
DA:94,12
DA:95,12
DA:96,12
DA:97,12
DA:98,12
DA:99,12
DA:110,1
DA:116,1
DA:118,1
DA:119,1
DA:120,1
DA:121,1
LF:18
LH:18
end_of_record
SF:lib/src/core/easy_dialogs_overlay.dart
DA:9,14
DA:15,14
DA:16,14
DA:24,28
DA:26,1
DA:28,1
DA:30,1
DA:31,1
DA:35,2
DA:38,1
DA:39,3
DA:43,14
DA:45,28
DA:46,14
DA:49,14
DA:55,14
DA:56,13
DA:57,13
DA:59,2
DA:60,1
DA:63,2
DA:66,14
DA:69,13
DA:71,39
DA:73,13
DA:75,39
DA:81,14
LF:27
LH:27
end_of_record
SF:lib/src/core/i_easy_overlay.dart
DA:36,8
DA:37,16
DA:39,42
DA:41,24
DA:43,21
DA:68,33
DA:70,13
DA:86,14
DA:94,29
DA:115,15
DA:117,1
DA:119,1
DA:138,13
LF:13
LH:13
end_of_record
SF:lib/src/full_screen/animation/full_screen_background_animator/fade.dart
DA:9,1
DA:15,1
DA:17,2
DA:19,1
DA:21,2
DA:23,1
DA:25,1
DA:26,1
DA:27,1
DA:30,1
LF:10
LH:10
end_of_record
SF:lib/src/full_screen/animation/full_screen_background_animator/full_screen_background_animation.dart
DA:18,20
LF:1
LH:1
end_of_record
SF:lib/src/full_screen/animation/full_screen_background_animator/blur.dart
DA:11,20
DA:18,4
DA:20,8
DA:21,4
DA:30,4
DA:33,4
DA:35,12
DA:37,8
DA:38,4
DA:39,12
DA:42,4
DA:44,8
DA:46,4
DA:47,4
DA:48,8
DA:51,4
DA:52,4
DA:53,4
DA:56,4
LF:19
LH:19
end_of_record
SF:lib/src/full_screen/animation/full_screen_foreground_animator/expansion.dart
DA:4,1
DA:6,1
DA:8,2
DA:9,1
DA:10,1
DA:11,1
DA:12,2
DA:16,1
DA:18,2
DA:19,1
DA:20,1
DA:21,1
DA:26,1
LF:13
LH:13
end_of_record
SF:lib/src/full_screen/animation/full_screen_foreground_animator/bounce.dart
DA:6,20
DA:8,4
DA:10,8
DA:11,4
DA:16,4
DA:20,8
DA:21,4
DA:22,4
DA:25,8
DA:26,4
DA:27,4
DA:33,8
DA:36,4
DA:37,4
DA:38,4
DA:39,8
DA:42,4
DA:43,4
DA:44,4
DA:45,8
DA:48,4
LF:21
LH:21
end_of_record
SF:lib/src/full_screen/animation/full_screen_foreground_animator/full_screen_foreground_animation.dart
DA:20,20
LF:1
LH:1
end_of_record
SF:lib/src/full_screen/animation/full_screen_foreground_animator/fade.dart
DA:4,1
DA:6,1
DA:8,2
DA:10,1
DA:11,1
DA:13,1
DA:15,1
LF:7
LH:7
end_of_record
SF:lib/src/full_screen/dialog/full_screen_dialog.dart
DA:22,6
DA:38,4
DA:42,6
DA:45,6
DA:47,6
DA:49,5
DA:70,6
DA:72,6
DA:73,6
DA:74,6
DA:75,6
DA:76,6
DA:82,19
DA:84,4
DA:95,7
DA:97,7
DA:100,21
DA:101,1
DA:104,7
DA:105,14
DA:108,14
DA:120,20
DA:122,6
DA:124,12
LF:24
LH:24
end_of_record
SF:lib/src/full_screen/dismissible/full_screen_dismiss.dart
DA:12,21
LF:1
LH:1
end_of_record
SF:lib/src/full_screen/dismissible/tap.dart
DA:6,21
DA:11,4
DA:13,4
DA:14,2
DA:15,4
DA:16,4
DA:20,1
DA:22,2
LF:8
LH:8
end_of_record
SF:lib/src/full_screen/shell/modal_banner.dart
DA:10,19
DA:16,3
DA:18,3
DA:19,3
DA:20,3
DA:21,3
DA:22,3
DA:23,3
LF:8
LH:8
end_of_record
SF:lib/src/full_screen/shell/full_screen_dialog_shell.dart
DA:9,19
LF:1
LH:1
end_of_record
SF:lib/src/full_screen/widgets/easy_full_screen_blur.dart
DA:20,4
DA:28,4
DA:30,8
DA:32,4
DA:33,4
DA:34,4
DA:35,4
DA:36,4
DA:37,4
DA:38,4
DA:42,4
DA:43,8
DA:48,4
LF:13
LH:13
end_of_record
SF:lib/src/positioned/animation/vertical_slide.dart
DA:4,2
DA:6,2
DA:8,4
DA:9,6
DA:10,2
DA:11,4
DA:15,2
DA:17,2
DA:21,2
DA:23,4
DA:27,2
DA:31,2
DA:41,2
DA:44,2
DA:46,2
DA:48,2
DA:50,2
DA:52,2
LF:18
LH:18
end_of_record
SF:lib/src/positioned/animation/positioned_animation.dart
DA:16,2
LF:1
LH:1
end_of_record
SF:lib/src/positioned/dialog/positioned_dialog.dart
DA:34,7
DA:50,4
DA:54,4
DA:57,7
DA:58,7
DA:60,7
DA:62,7
DA:63,7
DA:64,7
DA:65,14
DA:71,7
DA:73,14
DA:75,7
DA:77,7
DA:78,7
DA:79,7
DA:80,7
DA:81,7
DA:82,7
DA:93,4
DA:95,4
DA:96,4
DA:117,9
DA:122,8
DA:125,8
DA:126,8
DA:127,16
DA:130,24
DA:131,1
DA:134,8
DA:135,16
DA:138,16
DA:149,9
DA:153,8
DA:156,16
DA:158,8
DA:160,16
DA:162,16
LF:38
LH:38
end_of_record
SF:lib/src/positioned/dismissible/positioned_dismiss.dart
DA:10,2
LF:1
LH:1
end_of_record
SF:lib/src/positioned/dismissible/swipe.dart
DA:89,2
DA:105,2
DA:108,2
DA:110,2
DA:111,2
DA:112,2
DA:113,2
DA:115,2
DA:116,2
DA:117,2
DA:118,4
DA:119,4
DA:120,2
DA:121,2
DA:122,2
DA:123,2
DA:124,2
DA:125,2
DA:126,2
DA:130,2
DA:131,2
DA:132,2
DA:134,1
DA:135,1
LF:24
LH:24
end_of_record
SF:lib/src/positioned/shell/positioned_dialog_shell.dart
DA:10,19
LF:1
LH:1
end_of_record
SF:lib/src/positioned/shell/banner.dart
DA:20,19
DA:27,3
DA:29,3
DA:30,3
DA:31,3
DA:32,3
DA:33,3
DA:34,3
DA:35,3
DA:36,9
DA:37,3
DA:38,6
DA:39,6
DA:40,3
DA:41,3
DA:42,3
DA:44,3
LF:17
LH:17
end_of_record
